<?xml version="1.0" encoding="UTF-8"?>
<!-- Generated by org.testng.reporters.JUnitXMLReporter -->
<testsuite ignored="0" hostname="DESKTOP-A1H2EAB" failures="0" tests="0" name="Signup_Flow" time="55.271" errors="0" timestamp="2023-07-28T16:12:34 IST">
  <testcase classname="testcases.Signup_Account" name="@AfterTest afterMethod" time="0.37">
    <failure type="java.lang.NullPointerException" message="Cannot invoke &amp;quot;com.aventstack.extentreports.ExtentReports.flush()&amp;quot; because &amp;quot;testcases.Signup_Account.extentReports&amp;quot; is null">
      <![CDATA[java.lang.NullPointerException: Cannot invoke "com.aventstack.extentreports.ExtentReports.flush()" because "testcases.Signup_Account.extentReports" is null
at testcases.Signup_Account.afterMethod(Signup_Account.java:92)
... Removed 24 stack frames]]>
    </failure>
  </testcase> <!-- @AfterTest afterMethod -->
</testsuite> <!-- Signup_Flow -->
