<?xml version="1.0" encoding="UTF-8"?>
<testng-results ignored="0" total="1" passed="1" failed="0" skipped="0">
  <reporter-output>
  </reporter-output>
  <suite started-at="2023-07-28T16:39:21 IST" name="Default suite" finished-at="2023-07-28T16:40:47 IST" duration-ms="85927">
    <groups>
    </groups>
    <test started-at="2023-07-28T16:39:21 IST" name="Default test" finished-at="2023-07-28T16:40:47 IST" duration-ms="85927">
      <class name="testcases.Signup_Account">
        <test-method is-config="true" signature="beforeTest()[pri:0, instance:testcases.Signup_Account@1ed6388a]" started-at="2023-07-28T16:39:21 IST" name="beforeTest" finished-at="2023-07-28T16:39:26 IST" duration-ms="5184" status="PASS">
          <reporter-output>
          </reporter-output>
        </test-method> <!-- beforeTest -->
        <test-method signature="register_Zintlr()[pri:0, instance:testcases.Signup_Account@1ed6388a]" started-at="2023-07-28T16:39:26 IST" name="register_Zintlr" finished-at="2023-07-28T16:40:45 IST" duration-ms="79264" status="PASS">
          <reporter-output>
          </reporter-output>
        </test-method> <!-- register_Zintlr -->
        <test-method is-config="true" signature="afterTest()[pri:0, instance:testcases.Signup_Account@1ed6388a]" started-at="2023-07-28T16:40:45 IST" name="afterTest" finished-at="2023-07-28T16:40:47 IST" duration-ms="1394" status="PASS">
          <reporter-output>
          </reporter-output>
        </test-method> <!-- afterTest -->
      </class> <!-- testcases.Signup_Account -->
    </test> <!-- Default test -->
  </suite> <!-- Default suite -->
</testng-results>
